2025/05/12 16:43:28 DFAST pipeline started. (version 1.3.6)
2025/05/12 16:43:28 Results will be generated into 'dfast_output'.
2025/05/12 16:43:28 Loading a genomic fasta file from spadesout/scaffolds.fasta
2025/05/12 16:43:28 Genome source information: organism=, strain=
2025/05/12 16:43:28 The query genome is treated as a draft genome with 16 sequences.
2025/05/12 16:43:28 Sequences are sorted by length (from longer to shorter).
2025/05/12 16:43:28 Sequences shorter than 200 will be eliminated.
2025/05/12 16:43:28 Sequences will be renamed as sequence01, sequence02...
2025/05/12 16:43:28 Locus_tag settings: locus_tag_prefix=LOCUS and step=10.
2025/05/12 16:43:28 Locus_tags are assigned separately to each feature type. e.g. CDS: LOCUS_000xx, rRNA: LOCUS_r000xx, tRNA: LOCUS_t000xx, tmRNA: LOCUS_tm000xx.
2025/05/12 16:43:28 Remove_Partial_Feature is enabled.
2025/05/12 16:43:28 Remove_Overlapping_Feature is enabled. Priority: ['assembly_gap', 'CRISPR', ('tmRNA', 'tRNA', 'rRNA'), 'CDS']
2025/05/12 16:43:28 Initializing structural annotation tools... 
2025/05/12 16:43:28 GAPannotator initialized. (Version 1.0)
2025/05/12 16:43:28 Setting GAPannotator options. {'len_cutoff': 5, 'linkage_evidence': 'paired-ends', 'gap_type': 'within scaffold'}
2025/05/12 16:43:28 Checking MetaGeneAnnotator... 
2025/05/12 16:43:29 MetaGeneAnnotator initialized. (Version 2008/08/19)
2025/05/12 16:43:29 Setting MetaGeneAnnotator options. {'cmd_options': '-s', 'transl_table': 11}
2025/05/12 16:43:29 Checking Aragorn version... 
2025/05/12 16:43:29 Aragorn initialized. (Version 1.2.41)
2025/05/12 16:43:29 Setting Aragorn options. {'gcode': '-gcbact', 'cmd_options': '-l', 'transl_table': 11}
2025/05/12 16:43:29 Checking Barrnap version... 
2025/05/12 16:43:29 Barrnap initialized. (Version 0.9)
2025/05/12 16:43:29 Checking CRT version... 
2025/05/12 16:43:29 CRT initialized. (Version 1.2)
2025/05/12 16:43:29 Setting CRT options. {'jar_file': '/Users/josephsada/miniconda3/envs/genomeanalysis/opt/dfast-1.3.6/bin/common/CRT1.2-CLI.jar', 'java_options': '', 'cmd_options': ''}
2025/05/12 16:43:29 Checking Java version... 
2025/05/12 16:43:29 Java initialized. (Version 23.0.2)
2025/05/12 16:43:29 Initializing contig annotation tools... 
2025/05/12 16:43:29 Initializing annotation components... 
2025/05/12 16:43:29 DBsearch initialized.
2025/05/12 16:43:29 Setting DBsearch options. {'skipAnnotatedFeatures': True, 'evalue_cutoff': 1e-06, 'qcov_cutoff': 75, 'scov_cutoff': 75, 'pident_cutoff': 0, 'aligner': 'ghostx', 'aligner_options': {}, 'database': '/Users/josephsada/miniconda3/envs/genomeanalysis/opt/dfast-1.3.6/db/protein/DFAST-default.ref', 'db_name': ''}
2025/05/12 16:43:29 Checking GHOSTX version... 
2025/05/12 16:43:30 GHOSTX initialized. (Version 1.3.6)
2025/05/12 16:43:31 Reference DB loaded. 381721 sequences. [version=1.2.1, dbname=DFAST-default, contributor=yt,ddbj, modified=20240214]
2025/05/12 16:43:31 PseudoGeneDetection initialized.
2025/05/12 16:43:31 Setting PseudoGeneDetection options. {'cpu': 1, 'skipAnnotatedFeatures': False, 'extension': 300, 'scov_cutoff': 85, 'transl_table': 11}
2025/05/12 16:43:31 Checking lastdb version... 
2025/05/12 16:43:31 lastdb initialized. (Version 959)
2025/05/12 16:43:31 Setting lastdb options. {'cpu': 1, 'skipAnnotatedFeatures': False, 'extension': 300, 'scov_cutoff': 85, 'transl_table': 11}
2025/05/12 16:43:31 Checking lastal version... 
2025/05/12 16:43:31 lastal initialized. (Version 959)
2025/05/12 16:43:31 Setting lastal options. {'cpu': 1, 'skipAnnotatedFeatures': False, 'extension': 300, 'scov_cutoff': 85, 'transl_table': 11}
2025/05/12 16:43:31 Checking Blastp version... 
2025/05/12 16:43:31 Blastp initialized. (Version 2.16.0)
2025/05/12 16:43:31 HMMscan initialized.
2025/05/12 16:43:31 Setting HMMscan options. {'skipAnnotatedFeatures': True, 'evalue_cutoff': 1e-06, 'database': '/Users/josephsada/miniconda3/envs/genomeanalysis/opt/dfast-1.3.6/db/hmm/TIGRFAMs_15.0_HMM.LIB', 'db_name': 'TIGR', 'cmd_options': ''}
2025/05/12 16:43:31 Checking hmmscan version... 
2025/05/12 16:43:31 hmmscan initialized. (Version 3.4)
2025/05/12 16:43:31 Setting hmmscan options. {'skipAnnotatedFeatures': True, 'evalue_cutoff': 1e-06, 'database': '/Users/josephsada/miniconda3/envs/genomeanalysis/opt/dfast-1.3.6/db/hmm/TIGRFAMs_15.0_HMM.LIB', 'db_name': 'TIGR', 'cmd_options': ''}
2025/05/12 16:43:31 CDDsearch initialized.
2025/05/12 16:43:31 Setting CDDsearch options. {'skipAnnotatedFeatures': False, 'evalue_cutoff': 1e-06, 'database': '/Users/josephsada/miniconda3/envs/genomeanalysis/opt/dfast-1.3.6/db/cdd/Cog', 'rpsbproc_data': '/Users/josephsada/miniconda3/envs/genomeanalysis/opt/dfast-1.3.6/bin/common/rpsbproc_data'}
2025/05/12 16:43:31 Checking RPSblast version... 
2025/05/12 16:43:32 RPSblast initialized. (Version 2.16.0)
2025/05/12 16:43:32 Setting RPSblast options. {'skipAnnotatedFeatures': False, 'evalue_cutoff': 1e-06, 'database': '/Users/josephsada/miniconda3/envs/genomeanalysis/opt/dfast-1.3.6/db/cdd/Cog', 'rpsbproc_data': '/Users/josephsada/miniconda3/envs/genomeanalysis/opt/dfast-1.3.6/bin/common/rpsbproc_data'}
2025/05/12 16:43:32 Checking rpsbproc version... 
2025/05/12 16:43:32 rpsbproc initialized. (Version 0.1)
2025/05/12 16:43:32 Setting rpsbproc options. {'skipAnnotatedFeatures': False, 'evalue_cutoff': 1e-06, 'database': '/Users/josephsada/miniconda3/envs/genomeanalysis/opt/dfast-1.3.6/db/cdd/Cog', 'rpsbproc_data': '/Users/josephsada/miniconda3/envs/genomeanalysis/opt/dfast-1.3.6/bin/common/rpsbproc_data'}
2025/05/12 16:43:32 Start structural annotation process using 4 CPUs
2025/05/12 16:43:33 4 assembly_gap features were detected by GAPannotator.
2025/05/12 16:43:34 2731 CDS features were detected by MetaGeneAnnotator.
2025/05/12 16:43:34 55 tRNA features were detected by Aragorn.
2025/05/12 16:43:34 5 rRNA features were detected by Barrnap.
2025/05/12 16:43:34 1 CRISPR (later will be replaced by repeat_region) features were detected by CRT.
2025/05/12 16:43:34 Removed 4 overlapping features.
2025/05/12 16:43:34 Start executing functional annotation components.
2025/05/12 16:43:34 DBsearch will be performed using 4 CPUs.
2025/05/12 16:43:56 DBsearch done 2/4.
2025/05/12 16:43:57 DBsearch done 1/4.
2025/05/12 16:43:58 DBsearch done 4/4.
2025/05/12 16:43:58 DBsearch done 3/4.
2025/05/12 16:43:58 Last format DB will be performed using 1 CPUs.
2025/05/12 16:43:59 Last format DB done 1/1.
2025/05/12 16:43:59 Last alignment will be performed using 1 CPUs.
2025/05/12 16:43:59 Last alignment done 1/1.
2025/05/12 16:43:59 9 CDS features were marked as possible pseudo due to internal stop codons.
2025/05/12 16:43:59 11 CDS features were marked as possible pseudo due to frameshift.
2025/05/12 16:43:59 HMMscan will be performed using 4 CPUs.
2025/05/12 16:44:06 HMMscan done 4/4.
2025/05/12 16:44:06 HMMscan done 3/4.
2025/05/12 16:44:06 HMMscan done 2/4.
2025/05/12 16:44:06 HMMscan done 1/4.
2025/05/12 16:44:06 Collecting HMMscan results.
2025/05/12 16:44:06 RPSblast will be performed using 4 CPUs.
2025/05/12 16:44:43 RPSblast done 2/4.
2025/05/12 16:44:44 RPSblast done 1/4.
2025/05/12 16:44:44 RPSblast done 4/4.
2025/05/12 16:44:44 RPSblast done 3/4.
2025/05/12 16:44:44 rpsbproc will be performed using 4 CPUs.
2025/05/12 16:44:45 rpsbproc done 2/4.
2025/05/12 16:44:45 rpsbproc done 3/4.
2025/05/12 16:44:45 rpsbproc done 1/4.
2025/05/12 16:44:45 rpsbproc done 4/4.
2025/05/12 16:44:45 Start contig annotation process using 4 CPUs
2025/05/12 16:44:45 Removed 8 partial features.
2025/05/12 16:44:45 Assigning locus_tags to CDS, rRNA, tRNA, tmRNA
2025/05/12 16:44:46 Setting output verbosity level to 3.
2025/05/12 16:44:46 Writing a genome fasta file to dfast_output/genome.fna
2025/05/12 16:44:46 Writing a CDS fasta file to dfast_output/cds.fna
2025/05/12 16:44:46 Writing a protein fasta file to dfast_output/protein.faa
2025/05/12 16:44:46 Writing an RNA fasta file to dfast_output/rna.fna
2025/05/12 16:44:46 Writing a GFF file to dfast_output/genome.gff
2025/05/12 16:44:46 Writing a GenBank format file to dfast_output/genome.gbk
2025/05/12 16:44:46 Writing an EMBL format file to dfast_output/genome.embl
2025/05/12 16:44:46 Writing a DDBJ annotation file to dfast_output/ddbj/mss.ann
2025/05/12 16:44:46 Writing a DDBJ sequence file to dfast_output/ddbj/mss.fasta
2025/05/12 16:44:47 [Experimental] DFAST Record JSON will not be generated. Please install dr_tools and use Python>=3.10.
2025/05/12 16:44:47 DFAST pipeline completed!
2025/05/12 16:44:47 Total running time: 0h1m18s
